# https://chainz.cryptoid.info/ and whois results
# DeepOnion
IP Address|Subver|Version|ASN|BGP Prefix|CC|Registry|Allocated|AS Name
127.0.0.1|/DeepOnionCore:2.3.3/|80019|NA|NA||other||NA
27kl2fnmy4byw6oews6bra2ujjfy4un2jrxh6wm6xvr7bb2575vym5ad.onion|/DeepOnionCore:2.3.2/|80019||||||
2ohkw24inl7go37zfbrnv2fl5ic634spl5ol2vld5maop63fl5l7iwqd.onion|/DeepOnionCore:2.3.3/|80019||||||
35z466vnfyymw3726synoqrpup3varntuovspbla5y6dyeigxqlnvdyd.onion|/DeepOnionCore:2.3.3/|80019||||||
3e7tybmm5wubgv67pl5lsdv5hzi6chqiyfi24247twxbihralvqxy6ad.onion|/DeepOnionCore:2.3.3/|80019||||||
3wcrgdjurl6zgpm7tq3cspjvzayz3jgm6a3i3knloewvzrqoadj56ryd.onion|/DeepOnionCore:2.3.0.1/|80018||||||
47c7b6ja4tfz2g2ozhhrylhxthb2ducrpfnhayvygdiv6tltexzipgyd.onion|/DeepOnionCore:2.3.2/|80019||||||
52atg55ry3wmxw5reyhdvmarqyzzdoh3p3yvwtlexxodqsudlwyzb3ad.onion|/DeepOnionCore:2.3.3/|80019||||||
53l3lvwjuxmmdvsrxeij5al2azssg7d67mozul5az2lonwa3bbjck4id.onion|/DeepOnionCore:2.3.3/|80019||||||
5brjhmycceihkmwyvcpci5tkikpreafjpmzqwz62sy2rrfnjjtartcyd.onion|/DeepOnionCore:2.3.3/|80019||||||
5fcbe7wuvlftylz5cvumf7spw2wo4i3sf4zu5hk5v4s5nx6qp5rrdfad.onion|/DeepOnionCore:2.3.3/|80019||||||
5fgb6vjpkwzswfpts5owxo5bzgjxhmkh5bd2roo73k24ecslhuqh5jqd.onion|/DeepOnionCore:2.3.3/|80019||||||
5ogwfipmt2fkctqy5b5yngm4b2kuabkrqd6oxngiw6xwqsxojaui6mid.onion|/DeepOnionCore:2.3.3/|80019||||||
6wpkmnedv3keiebkecfxxsrf7rgpxbyz7vbzxecjsnymeswdukqqreyd.onion|/DeepOnionCore:2.3.3/|80019||||||
6xopha5qzm5dra7lvfsfbsmpkcwb3h44hsdexm4f35okqwsy77qkbmqd.onion|/DeepOnionCore:2.3.1/|80019||||||
a2vq2l5hr54uhmw3lnbp56afkrh563o7nbxfkjsrbfuq4e3psb6bh4qd.onion|/DeepOnionCore:2.3.3/|80019||||||
afiywfi6ybcrenuicqoldudh2lcsrsz2t5ausc6ijffy5j3ksxwnreqd.onion|/DeepOnionCore:2.3.2/|80019||||||
ahvg2b7nujwcwscxtw2wxjavp3f6j4xqstndlialfhb4jhyyomp3bfad.onion|/DeepOnionCore:2.3.2/|80019||||||
b3rmuzqzog4shr7jgltgheruto7npcjwspozizbuftffuocpq2nkg4yd.onion|/DeepOnionCore:2.3.0.1/|80018||||||
bcl55c2uu2xisq4zpgrfr3xlybgacb6wtirtrjfrhy6fnwwvv6uwogqd.onion|/DeepOnionCore:2.3.3/|80019||||||
bkhjhie6ekeuthbf2cqggzqvpbcmds27purvgw245dx5gzv7vjiwk2ad.onion|/DeepOnionCore:2.3.2/|80019||||||
bp7catybjxm3ommj6shsnpfj4zvntdbk5d5h4asu5uymijbtsxc75xqd.onion|/DeepOnionCore:2.3.2/|80019||||||
cmi5jeupfchoxeqz6voawd2f2s3ur6dwuqcchi2s2r42ullwt35ln4id.onion|/DeepOnionCore:2.3.3/|80019||||||
f6lmpm5a6g77g455wznhsag5e5sc7wk7uuuihqlf74rjegsrnvzv7qqd.onion|/DeepOnionCore:2.3.3/|80019||||||
g74nv4jgz2vuagtti26yl7ussxhlcnhrgkl35xqjtaomoma3teoubcqd.onion|/DeepOnionCore:2.3.3/|80019||||||
hxxbdy7bxrh7wmipz4v25rywrjelc5lotlssnl7k6bsa4rsmxdd4ukyd.onion|/DeepOnionCore:2.3.3/|80019||||||
igv6km2awwpjitsxjzg3mwmlfhx2tpgjea336e5vrgb34vzhu223pmqd.onion|/DeepOnionCore:2.3.2/|80019||||||
iio256wdjtmpmhjadiduqmikgqmqibennbwknclmyqhlw5dlkdn72oid.onion|/DeepOnionCore:2.3.3/|80019||||||
k36oi4drfoh726qbrj2bswgd6zmlsxiirzmn5ib5jdkuxym3knopoeqd.onion|/DeepOnionCore:2.3.1/|80019||||||
k6fqykeklavxseqhvgcxgvgrv5rwy4ipdpfaxgqinfu4ghct2gusn5qd.onion|/DeepOnionCore:2.3.1/|80019||||||
k72l3cpqxra7k5ug5s7boc54ilubn5hup5npx2pav5d6m6pom42b2ryd.onion|/DeepOnionCore:2.3.3/|80019||||||
kdvrmmcd724bxdhoxpwxdv6o7ser2iesboz47cfqdftn5i7vbb6cmxqd.onion|/DeepOnionCore:2.3.0.1/|80018||||||
keuidke4gsq3bwphebxtdwnpizicaphxleuqd7qw6g73vzoms2e2i7id.onion|/DeepOnionCore:2.3.3/|80019||||||
kzsb6gjxxdhlpmyztxczehlj5mbyo6szlcsw3lbqhnzcg4s7tddafmid.onion|/DeepOnionCore:2.3.3/|80019||||||
ln2wzkn6dwvhdaql2bbpx2bvz2rygipc2puzy2qmw2f6aci5vixu3aid.onion|/DeepOnionCore:2.3.1/|80019||||||
lo2keky5y3crwsiz2wklnutyrtss2ytema54t2355lm2ymzbbge226id.onion|/DeepOnionCore:2.3.2/|80019||||||
lyrqja67vm2jgbsunopsebu4etab65vs7jm6zbajsnhhhygczlhxftid.onion|/DeepOnionCore:2.3.3/|80019||||||
m4xw5lh3xydlaspape2kjyalfnv7btdgrerkbkv5ldfln3agt4u435yd.onion|/DeepOnionCore:2.3.0.1/|80018||||||
mb2ia5qxc56l2fjfhzgagcpbttw3jsvj46yhkahvy4u7twgoe3og4qqd.onion|/DeepOnionCore:2.3.3/|80019||||||
mdnumplqlwx3a3zjom3mgpwt5ntkzeukvgu6dblj3fvy6pixglw5dbyd.onion|/DeepOnionCore:2.3.0.1/|80018||||||
mlpjvydlhekxzfuj5nlpxcizppdhzci2lvpj66k2qijptwkaw3tt5pad.onion|/DeepOnionCore:2.3.3/|80019||||||
nhkinban7gx2qni3eg2lcmayjjssf77clkumrtul5ahwnxi666uccmad.onion|/DeepOnionCore:2.3.3/|80019||||||
nn4w7wp5g7k6qm5fd3ggn6mixzga7o2k6egglvklcc5d65hrfpwuzdid.onion|/DeepOnionCore:2.3.2/|80019||||||
oyk6vew5bycqkxt4ysvozf2dlyd5fsoodrenj2mfyc4bu7kyxnsc4vyd.onion|/DeepOnionCore:2.3.3/|80019||||||
pcjjmt7pqxhw7xthsfr2ce5vlnq3fbqb6oqzlmplr322xgjlh35ciyad.onion|/DeepOnionCore:2.3.0.1/|80018||||||
pgr2jcc4snyozdd5ulwbbrdvm5pqz5kbk7nxjxt6tmdtwbp4l2o7uwid.onion|/DeepOnionCore:2.3.2/|80019||||||
q23gfaiwessecm5iici5oux3i3gmzowtaaugpig7lz7sbal6odxvozyd.onion|/DeepOnionCore:2.3.2/|80019||||||
q56ryozjmtnnp54dtzxnzfiiulg5ridnjdsonex4klwm74iptvzagwqd.onion|/DeepOnionCore:2.3.3/|80019||||||
rrjiplulzg64hktw5xx2vsfswdusx4xmmlm3m33flcjtxpujn4o6gtad.onion|/DeepOnionCore:2.3.3/|80019||||||
ry7ilcp53mmukwaazaive3lk5imc5offqchrsruwkkxylzsuddtw3vyd.onion|/DeepOnionCore:2.3.3/|80019||||||
sd4gkhkaru3wc4ppvqlvzfeirkqg36opfngpa5ijxgisl64nw4sz7fyd.onion|/DeepOnionCore:2.3.2/|80019||||||
sffjda7qcn45mpgskhtkrfvuoxfknpjeoajdrz3gfazv2iowdndbijad.onion|/DeepOnionCore:2.3.3/|80019||||||
tbnqoybn3pprl2ft72vknkj45m54hrjauaycrjjejd3hogdzsia56eyd.onion|/DeepOnionCore:2.3.3/|80019||||||
tdnv45inw4izuvv75ompwiiecg5k7cd2htwufe2uopfqxm7xq37gsnad.onion|/DeepOnionCore:2.3.3/|80019||||||
trhu4jwt2tw5wib7lcouixlkx5g65t7u5hmdtb3xgsfusjeynmfzeyqd.onion|/DeepOnionCore:2.3.2/|80019||||||
u7jayc7kzbd4juegjqyxdynw726et4536yocwoaafnmggnx3jefvg7id.onion|/DeepOnionCore:2.3.0.1/|80018||||||
uwmasp6i7ngawe7ipopspw2worzrawyaerngx6osudzelwlszmlqkvad.onion|/DeepOnionCore:2.3.3/|80019||||||
vspmc6kxb2qrpuidqti3aivqxo3aki3mmflpwrgk2usfytcysc7hdtyd.onion|/DeepOnionCore:2.3.0.1/|80018||||||
whec4qbqku275kdzjmqznrlnl7wyxlcrsrqe2tzyonqkq5sxvajxbrid.onion|/DeepOnionCore:2.3.0.1/|80018||||||
y3kkcym2drvelr7xcya6jojv7f3bpegfpczxtygbucqym2eea2e6icqd.onion|/DeepOnionCore:2.3.0.1/|80018||||||
yk6kydjqlswpbk23bwevcexqn6g7cmjukcwzpnqzwyskch2dk3ifigad.onion|/DeepOnionCore:2.3.2/|80019||||||
